2023-01-16T23:36:36.794+08:00  INFO 65116 --- [main] com.asd.drone.DroneApplication           : Starting DroneApplication using Java 17.0.5 with PID 65116 (C:\Users\sures.dananjaya\Documents\SpringAngular\DronePR\drone\target\classes started by sures.dananjaya in C:\Users\sures.dananjaya\Documents\SpringAngular\DronePR\drone)
2023-01-16T23:36:36.809+08:00  INFO 65116 --- [main] com.asd.drone.DroneApplication           : No active profile set, falling back to 1 default profile: "default"
2023-01-16T23:36:37.516+08:00  INFO 65116 --- [main] .s.d.r.c.RepositoryConfigurationDelegate : Bootstrapping Spring Data JPA repositories in DEFAULT mode.
2023-01-16T23:36:37.609+08:00  INFO 65116 --- [main] .s.d.r.c.RepositoryConfigurationDelegate : Finished Spring Data repository scanning in 68 ms. Found 3 JPA repository interfaces.
2023-01-16T23:36:38.329+08:00  INFO 65116 --- [main] o.s.b.w.embedded.tomcat.TomcatWebServer  : Tomcat initialized with port(s): 8080 (http)
2023-01-16T23:36:38.340+08:00  INFO 65116 --- [main] o.apache.catalina.core.StandardService   : Starting service [Tomcat]
2023-01-16T23:36:38.340+08:00  INFO 65116 --- [main] o.apache.catalina.core.StandardEngine    : Starting Servlet engine: [Apache Tomcat/10.1.4]
2023-01-16T23:36:38.467+08:00  INFO 65116 --- [main] o.a.c.c.C.[Tomcat].[localhost].[/]       : Initializing Spring embedded WebApplicationContext
2023-01-16T23:36:38.468+08:00  INFO 65116 --- [main] w.s.c.ServletWebServerApplicationContext : Root WebApplicationContext: initialization completed in 1585 ms
2023-01-16T23:36:38.516+08:00  INFO 65116 --- [main] com.zaxxer.hikari.HikariDataSource       : HikariPool-1 - Starting...
2023-01-16T23:36:38.730+08:00  INFO 65116 --- [main] com.zaxxer.hikari.pool.HikariPool        : HikariPool-1 - Added connection conn0: url=jdbc:h2:mem:droneDB user=SA
2023-01-16T23:36:38.732+08:00  INFO 65116 --- [main] com.zaxxer.hikari.HikariDataSource       : HikariPool-1 - Start completed.
2023-01-16T23:36:38.749+08:00  INFO 65116 --- [main] o.s.b.a.h2.H2ConsoleAutoConfiguration    : H2 console available at '/h2-console'. Database available at 'jdbc:h2:mem:droneDB'
2023-01-16T23:36:38.918+08:00  INFO 65116 --- [main] o.hibernate.jpa.internal.util.LogHelper  : HHH000204: Processing PersistenceUnitInfo [name: default]
2023-01-16T23:36:38.977+08:00  INFO 65116 --- [main] org.hibernate.Version                    : HHH000412: Hibernate ORM core version 6.1.6.Final
2023-01-16T23:36:39.167+08:00  WARN 65116 --- [main] org.hibernate.orm.deprecation            : HHH90000021: Encountered deprecated setting [javax.persistence.sharedCache.mode], use [jakarta.persistence.sharedCache.mode] instead
2023-01-16T23:36:39.336+08:00  INFO 65116 --- [main] SQL dialect                              : HHH000400: Using dialect: org.hibernate.dialect.H2Dialect
2023-01-16T23:36:40.865+08:00  INFO 65116 --- [main] o.h.e.t.j.p.i.JtaPlatformInitiator       : HHH000490: Using JtaPlatform implementation: [org.hibernate.engine.transaction.jta.platform.internal.NoJtaPlatform]
2023-01-16T23:36:40.878+08:00  INFO 65116 --- [main] j.LocalContainerEntityManagerFactoryBean : Initialized JPA EntityManagerFactory for persistence unit 'default'
2023-01-16T23:36:41.488+08:00  WARN 65116 --- [main] JpaBaseConfiguration$JpaWebConfiguration : spring.jpa.open-in-view is enabled by default. Therefore, database queries may be performed during view rendering. Explicitly configure spring.jpa.open-in-view to disable this warning
2023-01-16T23:36:42.038+08:00  INFO 65116 --- [main] o.s.b.w.embedded.tomcat.TomcatWebServer  : Tomcat started on port(s): 8080 (http) with context path ''
2023-01-16T23:36:42.057+08:00  INFO 65116 --- [main] com.asd.drone.DroneApplication           : Started DroneApplication in 5.712 seconds (process running for 6.402)
2023-01-16T23:36:42.289+08:00  INFO 65116 --- [scheduling-1] com.asd.drone.schedule.DroneScheduler    : 
Drone[11111] : Battery Level 50
Drone[22222] : Battery Level 20
Drone[33333] : Battery Level 70
Drone[44444] : Battery Level 90
Drone[55555] : Battery Level 55
2023-01-16T23:37:18.302+08:00  INFO 65116 --- [scheduling-1] com.asd.drone.schedule.DroneScheduler    : 
Drone[11111] : Battery Level 50
Drone[22222] : Battery Level 20
Drone[33333] : Battery Level 70
Drone[44444] : Battery Level 90
Drone[55555] : Battery Level 55
2023-01-16T23:37:54.313+08:00  INFO 65116 --- [scheduling-1] com.asd.drone.schedule.DroneScheduler    : 
Drone[11111] : Battery Level 50
Drone[22222] : Battery Level 20
Drone[33333] : Battery Level 70
Drone[44444] : Battery Level 90
Drone[55555] : Battery Level 55
2023-01-16T23:38:30.326+08:00  INFO 65116 --- [scheduling-1] com.asd.drone.schedule.DroneScheduler    : 
Drone[11111] : Battery Level 50
Drone[22222] : Battery Level 20
Drone[33333] : Battery Level 70
Drone[44444] : Battery Level 90
Drone[55555] : Battery Level 55
2023-01-16T23:39:06.335+08:00  INFO 65116 --- [scheduling-1] com.asd.drone.schedule.DroneScheduler    : 
Drone[11111] : Battery Level 50
Drone[22222] : Battery Level 20
Drone[33333] : Battery Level 70
Drone[44444] : Battery Level 90
Drone[55555] : Battery Level 55
2023-01-16T23:39:42.344+08:00  INFO 65116 --- [scheduling-1] com.asd.drone.schedule.DroneScheduler    : 
Drone[11111] : Battery Level 50
Drone[22222] : Battery Level 20
Drone[33333] : Battery Level 70
Drone[44444] : Battery Level 90
Drone[55555] : Battery Level 55
2023-01-16T23:40:18.366+08:00  INFO 65116 --- [scheduling-1] com.asd.drone.schedule.DroneScheduler    : 
Drone[11111] : Battery Level 50
Drone[22222] : Battery Level 20
Drone[33333] : Battery Level 70
Drone[44444] : Battery Level 90
Drone[55555] : Battery Level 55
